\\KC.UMKC.EDU\KC-USERS\HOME\A\ASD5B\MY DOCUMENTS\VISUAL STUDIO 2010\PROJECTS\LAB8\DEBUG\LAB8.EXE
\\KC.UMKC.EDU\KC-USERS\HOME\A\ASD5B\MY DOCUMENTS\VISUAL STUDIO 2010\PROJECTS\LAB8\DEBUG\LAB8.ILK
\\KC.UMKC.EDU\KC-USERS\HOME\A\ASD5B\MY DOCUMENTS\VISUAL STUDIO 2010\PROJECTS\LAB8\DEBUG\LAB8.PDB
\\kc.umkc.edu\kc-users\home\a\asd5b\my documents\visual studio 2010\Projects\Lab8\Lab8\Debug\cl.command.1.tlog
\\kc.umkc.edu\kc-users\home\a\asd5b\my documents\visual studio 2010\Projects\Lab8\Lab8\Debug\CL.read.1.tlog
\\kc.umkc.edu\kc-users\home\a\asd5b\my documents\visual studio 2010\Projects\Lab8\Lab8\Debug\CL.write.1.tlog
\\KC.UMKC.EDU\KC-USERS\HOME\A\ASD5B\MY DOCUMENTS\VISUAL STUDIO 2010\PROJECTS\LAB8\LAB8\DEBUG\LAB8.EXE.EMBED.MANIFEST
\\KC.UMKC.EDU\KC-USERS\HOME\A\ASD5B\MY DOCUMENTS\VISUAL STUDIO 2010\PROJECTS\LAB8\LAB8\DEBUG\LAB8.EXE.EMBED.MANIFEST.RES
\\KC.UMKC.EDU\KC-USERS\HOME\A\ASD5B\MY DOCUMENTS\VISUAL STUDIO 2010\PROJECTS\LAB8\LAB8\DEBUG\LAB8.EXE.INTERMEDIATE.MANIFEST
\\KC.UMKC.EDU\KC-USERS\HOME\A\ASD5B\MY DOCUMENTS\VISUAL STUDIO 2010\PROJECTS\LAB8\LAB8\DEBUG\LAB8.OBJ
\\kc.umkc.edu\kc-users\home\a\asd5b\my documents\visual studio 2010\Projects\Lab8\Lab8\Debug\Lab8.vcxprojResolveAssemblyReference.cache
\\kc.umkc.edu\kc-users\home\a\asd5b\my documents\visual studio 2010\Projects\Lab8\Lab8\Debug\Lab8.write.1.tlog
\\kc.umkc.edu\kc-users\home\a\asd5b\my documents\visual studio 2010\Projects\Lab8\Lab8\Debug\Lab8_manifest.rc
\\kc.umkc.edu\kc-users\home\a\asd5b\my documents\visual studio 2010\Projects\Lab8\Lab8\Debug\link.4216.read.1.tlog
\\kc.umkc.edu\kc-users\home\a\asd5b\my documents\visual studio 2010\Projects\Lab8\Lab8\Debug\link.4216.write.1.tlog
\\kc.umkc.edu\kc-users\home\a\asd5b\my documents\visual studio 2010\Projects\Lab8\Lab8\Debug\link.4216-cvtres.read.1.tlog
\\kc.umkc.edu\kc-users\home\a\asd5b\my documents\visual studio 2010\Projects\Lab8\Lab8\Debug\link.4216-cvtres.write.1.tlog
\\kc.umkc.edu\kc-users\home\a\asd5b\my documents\visual studio 2010\Projects\Lab8\Lab8\Debug\link.4400.read.1.tlog
\\kc.umkc.edu\kc-users\home\a\asd5b\my documents\visual studio 2010\Projects\Lab8\Lab8\Debug\link.4400.write.1.tlog
\\kc.umkc.edu\kc-users\home\a\asd5b\my documents\visual studio 2010\Projects\Lab8\Lab8\Debug\link.4400-cvtres.read.1.tlog
\\kc.umkc.edu\kc-users\home\a\asd5b\my documents\visual studio 2010\Projects\Lab8\Lab8\Debug\link.4400-cvtres.write.1.tlog
\\kc.umkc.edu\kc-users\home\a\asd5b\my documents\visual studio 2010\Projects\Lab8\Lab8\Debug\link.6468.read.1.tlog
\\kc.umkc.edu\kc-users\home\a\asd5b\my documents\visual studio 2010\Projects\Lab8\Lab8\Debug\link.6468.write.1.tlog
\\kc.umkc.edu\kc-users\home\a\asd5b\my documents\visual studio 2010\Projects\Lab8\Lab8\Debug\link.6468-cvtres.read.1.tlog
\\kc.umkc.edu\kc-users\home\a\asd5b\my documents\visual studio 2010\Projects\Lab8\Lab8\Debug\link.6468-cvtres.write.1.tlog
\\kc.umkc.edu\kc-users\home\a\asd5b\my documents\visual studio 2010\Projects\Lab8\Lab8\Debug\link.command.1.tlog
\\kc.umkc.edu\kc-users\home\a\asd5b\my documents\visual studio 2010\Projects\Lab8\Lab8\Debug\link.read.1.tlog
\\kc.umkc.edu\kc-users\home\a\asd5b\my documents\visual studio 2010\Projects\Lab8\Lab8\Debug\link.write.1.tlog
\\kc.umkc.edu\kc-users\home\a\asd5b\my documents\visual studio 2010\Projects\Lab8\Lab8\Debug\link-cvtres.read.1.tlog
\\kc.umkc.edu\kc-users\home\a\asd5b\my documents\visual studio 2010\Projects\Lab8\Lab8\Debug\link-cvtres.write.1.tlog
\\kc.umkc.edu\kc-users\home\a\asd5b\my documents\visual studio 2010\Projects\Lab8\Lab8\Debug\mt.command.1.tlog
\\kc.umkc.edu\kc-users\home\a\asd5b\my documents\visual studio 2010\Projects\Lab8\Lab8\Debug\mt.read.1.tlog
\\kc.umkc.edu\kc-users\home\a\asd5b\my documents\visual studio 2010\Projects\Lab8\Lab8\Debug\mt.write.1.tlog
\\kc.umkc.edu\kc-users\home\a\asd5b\my documents\visual studio 2010\Projects\Lab8\Lab8\Debug\rc.command.1.tlog
\\kc.umkc.edu\kc-users\home\a\asd5b\my documents\visual studio 2010\Projects\Lab8\Lab8\Debug\rc.read.1.tlog
\\kc.umkc.edu\kc-users\home\a\asd5b\my documents\visual studio 2010\Projects\Lab8\Lab8\Debug\rc.write.1.tlog
\\kc.umkc.edu\kc-users\home\a\asd5b\my documents\visual studio 2010\Projects\Lab8\Lab8\Debug\vc100.idb
\\KC.UMKC.EDU\KC-USERS\HOME\A\ASD5B\MY DOCUMENTS\VISUAL STUDIO 2010\PROJECTS\LAB8\LAB8\DEBUG\VC100.PDB
