Build started 4/29/2014 4:56:02 PM.
     1>Project "\\kc.umkc.edu\kc-users\home\a\asd5b\my documents\visual studio 2010\Projects\Lab12\Lab12\Lab12.vcxproj" on node 2 (build target(s)).
     1>InitializeBuildStatus:
         Creating "Debug\Lab12.unsuccessfulbuild" because "AlwaysCreate" was specified.
       ClCompile:
         c:\Program Files (x86)\Microsoft Visual Studio 10.0\VC\bin\CL.exe /c /ZI /nologo /W3 /WX- /Od /Oy- /D WIN32 /D _DEBUG /D _CONSOLE /D _UNICODE /D UNICODE /Gm /EHsc /RTC1 /MDd /GS /fp:precise /Zc:wchar_t /Zc:forScope /Fo"Debug\\" /Fd"Debug\vc100.pdb" /Gd /TP /analyze- /errorReport:prompt Lab12.cpp
         Lab12.cpp
     1>\\kc.umkc.edu\kc-users\home\a\asd5b\my documents\visual studio 2010\projects\lab12\lab12\lab12.cpp(56): warning C4018: '<' : signed/unsigned mismatch
       ManifestResourceCompile:
         All outputs are up-to-date.
       Link:
         c:\Program Files (x86)\Microsoft Visual Studio 10.0\VC\bin\link.exe /ERRORREPORT:PROMPT /OUT:"\\kc.umkc.edu\kc-users\home\a\asd5b\my documents\visual studio 2010\Projects\Lab12\Debug\Lab12.exe" /INCREMENTAL /NOLOGO kernel32.lib user32.lib gdi32.lib winspool.lib comdlg32.lib advapi32.lib shell32.lib ole32.lib oleaut32.lib uuid.lib odbc32.lib odbccp32.lib /MANIFEST /ManifestFile:"Debug\Lab12.exe.intermediate.manifest" /MANIFESTUAC:"level='asInvoker' uiAccess='false'" /DEBUG /PDB:"\\kc.umkc.edu\kc-users\home\a\asd5b\my documents\visual studio 2010\Projects\Lab12\Debug\Lab12.pdb" /SUBSYSTEM:CONSOLE /TLBID:1 /DYNAMICBASE /NXCOMPAT /IMPLIB:"\\kc.umkc.edu\kc-users\home\a\asd5b\my documents\visual studio 2010\Projects\Lab12\Debug\Lab12.lib" /MACHINE:X86 Debug\Lab12.exe.embed.manifest.res
         Debug\Lab12.obj
       Manifest:
         c:\Program Files (x86)\Microsoft SDKs\Windows\v7.0A\bin\mt.exe /nologo /verbose /out:"Debug\Lab12.exe.embed.manifest" /manifest Debug\Lab12.exe.intermediate.manifest
         All outputs are up-to-date.
       LinkEmbedManifest:
         c:\Program Files (x86)\Microsoft Visual Studio 10.0\VC\bin\link.exe /ERRORREPORT:PROMPT /OUT:"\\kc.umkc.edu\kc-users\home\a\asd5b\my documents\visual studio 2010\Projects\Lab12\Debug\Lab12.exe" /INCREMENTAL /NOLOGO kernel32.lib user32.lib gdi32.lib winspool.lib comdlg32.lib advapi32.lib shell32.lib ole32.lib oleaut32.lib uuid.lib odbc32.lib odbccp32.lib /MANIFEST /ManifestFile:"Debug\Lab12.exe.intermediate.manifest" /MANIFESTUAC:"level='asInvoker' uiAccess='false'" /DEBUG /PDB:"\\kc.umkc.edu\kc-users\home\a\asd5b\my documents\visual studio 2010\Projects\Lab12\Debug\Lab12.pdb" /SUBSYSTEM:CONSOLE /TLBID:1 /DYNAMICBASE /NXCOMPAT /IMPLIB:"\\kc.umkc.edu\kc-users\home\a\asd5b\my documents\visual studio 2010\Projects\Lab12\Debug\Lab12.lib" /MACHINE:X86 Debug\Lab12.exe.embed.manifest.res
         Debug\Lab12.obj
         Lab12.vcxproj -> \\kc.umkc.edu\kc-users\home\a\asd5b\my documents\visual studio 2010\Projects\Lab12\Debug\Lab12.exe
       FinalizeBuildStatus:
         Deleting file "Debug\Lab12.unsuccessfulbuild".
         Touching "Debug\Lab12.lastbuildstate".
     1>Done Building Project "\\kc.umkc.edu\kc-users\home\a\asd5b\my documents\visual studio 2010\Projects\Lab12\Lab12\Lab12.vcxproj" (build target(s)).

Build succeeded.

Time Elapsed 00:00:04.17
