Build started 4/15/2014 4:58:57 PM.
     1>Project "\\kc.umkc.edu\kc-users\home\a\asd5b\my documents\visual studio 2010\Projects\Lab10\Lab10\Lab10.vcxproj" on node 2 (build target(s)).
     1>InitializeBuildStatus:
         Creating "Debug\Lab10.unsuccessfulbuild" because "AlwaysCreate" was specified.
       ClCompile:
         All outputs are up-to-date.
       ManifestResourceCompile:
         c:\Program Files (x86)\Microsoft SDKs\Windows\v7.0A\bin\rc.exe /nologo /fo"Debug\Lab10.exe.embed.manifest.res" Debug\Lab10_manifest.rc 
       Link:
         c:\Program Files (x86)\Microsoft Visual Studio 10.0\VC\bin\link.exe /ERRORREPORT:PROMPT /OUT:"\\kc.umkc.edu\kc-users\home\a\asd5b\my documents\visual studio 2010\Projects\Lab10\Debug\Lab10.exe" /INCREMENTAL /NOLOGO kernel32.lib user32.lib gdi32.lib winspool.lib comdlg32.lib advapi32.lib shell32.lib ole32.lib oleaut32.lib uuid.lib odbc32.lib odbccp32.lib /MANIFEST /ManifestFile:"Debug\Lab10.exe.intermediate.manifest" /MANIFESTUAC:"level='asInvoker' uiAccess='false'" /DEBUG /PDB:"\\kc.umkc.edu\kc-users\home\a\asd5b\my documents\visual studio 2010\Projects\Lab10\Debug\Lab10.pdb" /SUBSYSTEM:CONSOLE /TLBID:1 /DYNAMICBASE /NXCOMPAT /IMPLIB:"\\kc.umkc.edu\kc-users\home\a\asd5b\my documents\visual studio 2010\Projects\Lab10\Debug\Lab10.lib" /MACHINE:X86 Debug\Lab10.exe.embed.manifest.res
         Debug\main.obj
       Manifest:
         c:\Program Files (x86)\Microsoft SDKs\Windows\v7.0A\bin\mt.exe /nologo /verbose /out:"Debug\Lab10.exe.embed.manifest" /manifest Debug\Lab10.exe.intermediate.manifest
         c:\Program Files (x86)\Microsoft SDKs\Windows\v7.0A\bin\rc.exe /nologo /fo"Debug\Lab10.exe.embed.manifest.res" Debug\Lab10_manifest.rc 
       LinkEmbedManifest:
         c:\Program Files (x86)\Microsoft Visual Studio 10.0\VC\bin\link.exe /ERRORREPORT:PROMPT /OUT:"\\kc.umkc.edu\kc-users\home\a\asd5b\my documents\visual studio 2010\Projects\Lab10\Debug\Lab10.exe" /INCREMENTAL /NOLOGO kernel32.lib user32.lib gdi32.lib winspool.lib comdlg32.lib advapi32.lib shell32.lib ole32.lib oleaut32.lib uuid.lib odbc32.lib odbccp32.lib /MANIFEST /ManifestFile:"Debug\Lab10.exe.intermediate.manifest" /MANIFESTUAC:"level='asInvoker' uiAccess='false'" /DEBUG /PDB:"\\kc.umkc.edu\kc-users\home\a\asd5b\my documents\visual studio 2010\Projects\Lab10\Debug\Lab10.pdb" /SUBSYSTEM:CONSOLE /TLBID:1 /DYNAMICBASE /NXCOMPAT /IMPLIB:"\\kc.umkc.edu\kc-users\home\a\asd5b\my documents\visual studio 2010\Projects\Lab10\Debug\Lab10.lib" /MACHINE:X86 Debug\Lab10.exe.embed.manifest.res
         Debug\main.obj
         Lab10.vcxproj -> \\kc.umkc.edu\kc-users\home\a\asd5b\my documents\visual studio 2010\Projects\Lab10\Debug\Lab10.exe
       FinalizeBuildStatus:
         Deleting file "Debug\Lab10.unsuccessfulbuild".
         Touching "Debug\Lab10.lastbuildstate".
     1>Done Building Project "\\kc.umkc.edu\kc-users\home\a\asd5b\my documents\visual studio 2010\Projects\Lab10\Lab10\Lab10.vcxproj" (build target(s)).

Build succeeded.

Time Elapsed 00:00:02.85
